2022-01-09 22:09:12.297  INFO 33229 --- [main] c.a.n.c.c.impl.LocalConfigInfoProcessor  : LOCAL_SNAPSHOT_PATH:/Users/iris/nacos/config
2022-01-09 22:09:12.298  INFO 33229 --- [main] com.alibaba.nacos.common.remote.client   : [RpcClientFactory] create a new rpc client of f0da31bf-70c9-4b21-afb8-134aa43f15ff_config-0
2022-01-09 22:09:12.321  INFO 33229 --- [main] org.reflections.Reflections              : Reflections took 13 ms to scan 1 urls, producing 3 keys and 6 values 
2022-01-09 22:09:12.341  INFO 33229 --- [main] org.reflections.Reflections              : Reflections took 6 ms to scan 1 urls, producing 4 keys and 9 values 
2022-01-09 22:09:12.348  INFO 33229 --- [main] org.reflections.Reflections              : Reflections took 4 ms to scan 1 urls, producing 3 keys and 10 values 
2022-01-09 22:09:12.350  WARN 33229 --- [main] org.reflections.Reflections              : given scan urls are empty. set urls in the configuration
2022-01-09 22:09:12.355  INFO 33229 --- [main] org.reflections.Reflections              : Reflections took 5 ms to scan 1 urls, producing 1 keys and 5 values 
2022-01-09 22:09:12.361  INFO 33229 --- [main] org.reflections.Reflections              : Reflections took 5 ms to scan 1 urls, producing 1 keys and 7 values 
2022-01-09 22:09:12.367  INFO 33229 --- [main] org.reflections.Reflections              : Reflections took 4 ms to scan 1 urls, producing 2 keys and 8 values 
2022-01-09 22:09:12.368  WARN 33229 --- [main] org.reflections.Reflections              : given scan urls are empty. set urls in the configuration
2022-01-09 22:09:12.369  INFO 33229 --- [main] com.alibaba.nacos.common.remote.client   : [f0da31bf-70c9-4b21-afb8-134aa43f15ff_config-0]RpcClient init label, labels={module=config, Vipserver-Tag=null, source=sdk, Amory-Tag=null, Location-Tag=null, taskId=0, AppName=unknown}
2022-01-09 22:09:12.369  INFO 33229 --- [main] com.alibaba.nacos.common.remote.client   : [f0da31bf-70c9-4b21-afb8-134aa43f15ff_config-0]Register server push request handler:com.alibaba.nacos.client.config.impl.ClientWorker$ConfigRpcTransportClient$$Lambda$429/0x0000000800427040
2022-01-09 22:09:12.369  INFO 33229 --- [main] com.alibaba.nacos.common.remote.client   : [f0da31bf-70c9-4b21-afb8-134aa43f15ff_config-0]Register server push request handler:com.alibaba.nacos.client.config.impl.ClientWorker$ConfigRpcTransportClient$$Lambda$430/0x0000000800427440
2022-01-09 22:09:12.370  INFO 33229 --- [main] com.alibaba.nacos.common.remote.client   : [f0da31bf-70c9-4b21-afb8-134aa43f15ff_config-0]Registry connection listener to current client:com.alibaba.nacos.client.config.impl.ClientWorker$ConfigRpcTransportClient$1
2022-01-09 22:09:12.370  INFO 33229 --- [main] com.alibaba.nacos.common.remote.client   : [f0da31bf-70c9-4b21-afb8-134aa43f15ff_config-0]RpcClient init, ServerListFactory =com.alibaba.nacos.client.config.impl.ClientWorker$ConfigRpcTransportClient$2
2022-01-09 22:09:12.374  INFO 33229 --- [main] com.alibaba.nacos.common.remote.client   : [f0da31bf-70c9-4b21-afb8-134aa43f15ff_config-0] Try to connect to server on start up, server: {serverIp='60.205.181.203', server main port=8848}
2022-01-09 22:09:12.887  INFO 33229 --- [main] com.alibaba.nacos.common.remote.client   : [f0da31bf-70c9-4b21-afb8-134aa43f15ff_config-0] Success to connect to server [60.205.181.203:8848] on start up,connectionId=1641737352779_182.148.86.139_31021
2022-01-09 22:09:12.888  INFO 33229 --- [com.alibaba.nacos.client.remote.worker] com.alibaba.nacos.common.remote.client   : [f0da31bf-70c9-4b21-afb8-134aa43f15ff_config-0]Notify connected event to listeners.
2022-01-09 22:09:12.889  INFO 33229 --- [main] com.alibaba.nacos.common.remote.client   : [f0da31bf-70c9-4b21-afb8-134aa43f15ff_config-0]Register server push request handler:com.alibaba.nacos.common.remote.client.RpcClient$ConnectResetRequestHandler
2022-01-09 22:09:12.889  INFO 33229 --- [com.alibaba.nacos.client.remote.worker] c.a.n.client.config.impl.ClientWorker    : [f0da31bf-70c9-4b21-afb8-134aa43f15ff_config-0] Connected,notify listen context...
2022-01-09 22:09:12.889  INFO 33229 --- [main] com.alibaba.nacos.common.remote.client   : [f0da31bf-70c9-4b21-afb8-134aa43f15ff_config-0]Register server push request handler:com.alibaba.nacos.common.remote.client.RpcClient$4
2022-01-09 22:09:12.922  INFO 33229 --- [main] c.a.nacos.client.config.impl.Limiter     : limitTime:5.0
2022-01-09 22:09:12.977  WARN 33229 --- [main] c.a.c.n.c.NacosPropertySourceBuilder     : Ignore the empty nacos configuration and get it based on dataId[eladmin] & group[DEFAULT_GROUP]
2022-01-09 22:09:13.024  INFO 33229 --- [main] c.a.nacos.client.config.utils.JvmUtil    : isMultiInstance:false
2022-01-09 22:09:13.082  INFO 33229 --- [main] b.c.PropertySourceBootstrapConfiguration : Located property source: [BootstrapPropertySource {name='bootstrapProperties-eladmin-local.yaml,DEFAULT_GROUP'}, BootstrapPropertySource {name='bootstrapProperties-eladmin.yaml,DEFAULT_GROUP'}, BootstrapPropertySource {name='bootstrapProperties-eladmin,DEFAULT_GROUP'}]
2022-01-09 22:09:13.094  INFO 33229 --- [main] com.google.uaa.UaaApplication            : The following profiles are active: local
2022-01-09 22:09:13.298  WARN 33229 --- [main] ConfigServletWebServerApplicationContext : Exception encountered during context initialization - cancelling refresh attempt: org.springframework.beans.factory.parsing.BeanDefinitionParsingException: Configuration problem: A circular @Import has been detected: Illegal attempt by @Configuration class 'ElAdminResourceServerConfig' to import class 'ElAdminResourceServerConfig' as 'ElAdminResourceServerConfig' is already present in the current import stack [ElAdminResourceServerConfig->ElAdminResourceServerConfig->UaaApplication]
Offending resource: class path resource [com/google/core/security/config/ElAdminResourceServerConfig.class]
2022-01-09 22:09:13.302  INFO 33229 --- [main] ConditionEvaluationReportLoggingListener : 

Error starting ApplicationContext. To display the conditions report re-run your application with 'debug' enabled.
2022-01-09 22:09:13.319 ERROR 33229 --- [main] o.s.boot.SpringApplication               : Application run failed

org.springframework.beans.factory.parsing.BeanDefinitionParsingException: Configuration problem: A circular @Import has been detected: Illegal attempt by @Configuration class 'ElAdminResourceServerConfig' to import class 'ElAdminResourceServerConfig' as 'ElAdminResourceServerConfig' is already present in the current import stack [ElAdminResourceServerConfig->ElAdminResourceServerConfig->UaaApplication]
Offending resource: class path resource [com/google/core/security/config/ElAdminResourceServerConfig.class]
	at org.springframework.beans.factory.parsing.FailFastProblemReporter.error(FailFastProblemReporter.java:72) ~[spring-beans-5.3.13.jar:5.3.13]
	at org.springframework.context.annotation.ConfigurationClassParser.processImports(ConfigurationClassParser.java:562) ~[spring-context-5.3.13.jar:5.3.13]
	at org.springframework.context.annotation.ConfigurationClassParser.doProcessConfigurationClass(ConfigurationClassParser.java:311) ~[spring-context-5.3.13.jar:5.3.13]
	at org.springframework.context.annotation.ConfigurationClassParser.processConfigurationClass(ConfigurationClassParser.java:250) ~[spring-context-5.3.13.jar:5.3.13]
	at org.springframework.context.annotation.ConfigurationClassParser.processImports(ConfigurationClassParser.java:600) ~[spring-context-5.3.13.jar:5.3.13]
	at org.springframework.context.annotation.ConfigurationClassParser.access$800(ConfigurationClassParser.java:111) ~[spring-context-5.3.13.jar:5.3.13]
	at org.springframework.context.annotation.ConfigurationClassParser$DeferredImportSelectorGroupingHandler.lambda$processGroupImports$1(ConfigurationClassParser.java:812) ~[spring-context-5.3.13.jar:5.3.13]
	at java.base/java.util.ArrayList.forEach(ArrayList.java:1541) ~[na:na]
	at org.springframework.context.annotation.ConfigurationClassParser$DeferredImportSelectorGroupingHandler.processGroupImports(ConfigurationClassParser.java:809) ~[spring-context-5.3.13.jar:5.3.13]
	at org.springframework.context.annotation.ConfigurationClassParser$DeferredImportSelectorHandler.handle(ConfigurationClassParser.java:765) ~[spring-context-5.3.13.jar:5.3.13]
	at org.springframework.context.annotation.ConfigurationClassParser.processImports(ConfigurationClassParser.java:578) ~[spring-context-5.3.13.jar:5.3.13]
	at org.springframework.context.annotation.ConfigurationClassParser.doProcessConfigurationClass(ConfigurationClassParser.java:311) ~[spring-context-5.3.13.jar:5.3.13]
	at org.springframework.context.annotation.ConfigurationClassParser.processConfigurationClass(ConfigurationClassParser.java:250) ~[spring-context-5.3.13.jar:5.3.13]
	at org.springframework.context.annotation.ConfigurationClassParser.processImports(ConfigurationClassParser.java:600) ~[spring-context-5.3.13.jar:5.3.13]
	at org.springframework.context.annotation.ConfigurationClassParser.access$800(ConfigurationClassParser.java:111) ~[spring-context-5.3.13.jar:5.3.13]
	at org.springframework.context.annotation.ConfigurationClassParser$DeferredImportSelectorGroupingHandler.lambda$processGroupImports$1(ConfigurationClassParser.java:812) ~[spring-context-5.3.13.jar:5.3.13]
	at java.base/java.util.ArrayList.forEach(ArrayList.java:1541) ~[na:na]
	at org.springframework.context.annotation.ConfigurationClassParser$DeferredImportSelectorGroupingHandler.processGroupImports(ConfigurationClassParser.java:809) ~[spring-context-5.3.13.jar:5.3.13]
	at org.springframework.context.annotation.ConfigurationClassParser$DeferredImportSelectorHandler.process(ConfigurationClassParser.java:780) ~[spring-context-5.3.13.jar:5.3.13]
	at org.springframework.context.annotation.ConfigurationClassParser.parse(ConfigurationClassParser.java:193) ~[spring-context-5.3.13.jar:5.3.13]
	at org.springframework.context.annotation.ConfigurationClassPostProcessor.processConfigBeanDefinitions(ConfigurationClassPostProcessor.java:331) ~[spring-context-5.3.13.jar:5.3.13]
	at org.springframework.context.annotation.ConfigurationClassPostProcessor.postProcessBeanDefinitionRegistry(ConfigurationClassPostProcessor.java:247) ~[spring-context-5.3.13.jar:5.3.13]
	at org.springframework.context.support.PostProcessorRegistrationDelegate.invokeBeanDefinitionRegistryPostProcessors(PostProcessorRegistrationDelegate.java:311) ~[spring-context-5.3.13.jar:5.3.13]
	at org.springframework.context.support.PostProcessorRegistrationDelegate.invokeBeanFactoryPostProcessors(PostProcessorRegistrationDelegate.java:112) ~[spring-context-5.3.13.jar:5.3.13]
	at org.springframework.context.support.AbstractApplicationContext.invokeBeanFactoryPostProcessors(AbstractApplicationContext.java:746) ~[spring-context-5.3.13.jar:5.3.13]
	at org.springframework.context.support.AbstractApplicationContext.refresh(AbstractApplicationContext.java:564) ~[spring-context-5.3.13.jar:5.3.13]
	at org.springframework.boot.web.servlet.context.ServletWebServerApplicationContext.refresh(ServletWebServerApplicationContext.java:145) ~[spring-boot-2.6.1.jar:2.6.1]
	at org.springframework.boot.SpringApplication.refresh(SpringApplication.java:730) ~[spring-boot-2.6.1.jar:2.6.1]
	at org.springframework.boot.SpringApplication.refreshContext(SpringApplication.java:412) ~[spring-boot-2.6.1.jar:2.6.1]
	at org.springframework.boot.SpringApplication.run(SpringApplication.java:302) ~[spring-boot-2.6.1.jar:2.6.1]
	at org.springframework.boot.SpringApplication.run(SpringApplication.java:1301) ~[spring-boot-2.6.1.jar:2.6.1]
	at org.springframework.boot.SpringApplication.run(SpringApplication.java:1290) ~[spring-boot-2.6.1.jar:2.6.1]
	at com.google.uaa.UaaApplication.main(UaaApplication.java:12) ~[classes/:na]

2022-01-09 22:09:13.320  WARN 33229 --- [Thread-1] c.a.n.common.http.HttpClientBeanHolder   : [HttpClientBeanHolder] Start destroying common HttpClient
2022-01-09 22:09:13.320  WARN 33229 --- [Thread-5] c.a.nacos.common.notify.NotifyCenter     : [NotifyCenter] Start destroying Publisher
2022-01-09 22:09:13.320  WARN 33229 --- [Thread-5] c.a.nacos.common.notify.NotifyCenter     : [NotifyCenter] Destruction of the end
2022-01-09 22:09:13.320  WARN 33229 --- [Thread-1] c.a.n.common.http.HttpClientBeanHolder   : [HttpClientBeanHolder] Destruction of the end
2022-01-09 22:09:36.542  INFO 33242 --- [main] c.a.n.c.c.impl.LocalConfigInfoProcessor  : LOCAL_SNAPSHOT_PATH:/Users/iris/nacos/config
2022-01-09 22:09:36.546  INFO 33242 --- [main] com.alibaba.nacos.common.remote.client   : [RpcClientFactory] create a new rpc client of f9d7fcf8-cae9-4d31-94c6-ad4e4b8ab26c_config-0
2022-01-09 22:09:36.579  INFO 33242 --- [main] org.reflections.Reflections              : Reflections took 17 ms to scan 1 urls, producing 3 keys and 6 values 
2022-01-09 22:09:36.598  INFO 33242 --- [main] org.reflections.Reflections              : Reflections took 7 ms to scan 1 urls, producing 4 keys and 9 values 
2022-01-09 22:09:36.606  INFO 33242 --- [main] org.reflections.Reflections              : Reflections took 6 ms to scan 1 urls, producing 3 keys and 10 values 
2022-01-09 22:09:36.608  WARN 33242 --- [main] org.reflections.Reflections              : given scan urls are empty. set urls in the configuration
2022-01-09 22:09:36.614  INFO 33242 --- [main] org.reflections.Reflections              : Reflections took 5 ms to scan 1 urls, producing 1 keys and 5 values 
2022-01-09 22:09:36.621  INFO 33242 --- [main] org.reflections.Reflections              : Reflections took 5 ms to scan 1 urls, producing 1 keys and 7 values 
2022-01-09 22:09:36.629  INFO 33242 --- [main] org.reflections.Reflections              : Reflections took 5 ms to scan 1 urls, producing 2 keys and 8 values 
2022-01-09 22:09:36.631  WARN 33242 --- [main] org.reflections.Reflections              : given scan urls are empty. set urls in the configuration
2022-01-09 22:09:36.632  INFO 33242 --- [main] com.alibaba.nacos.common.remote.client   : [f9d7fcf8-cae9-4d31-94c6-ad4e4b8ab26c_config-0]RpcClient init label, labels={module=config, Vipserver-Tag=null, source=sdk, Amory-Tag=null, Location-Tag=null, taskId=0, AppName=unknown}
2022-01-09 22:09:36.632  INFO 33242 --- [main] com.alibaba.nacos.common.remote.client   : [f9d7fcf8-cae9-4d31-94c6-ad4e4b8ab26c_config-0]Register server push request handler:com.alibaba.nacos.client.config.impl.ClientWorker$ConfigRpcTransportClient$$Lambda$441/0x0000000800451440
2022-01-09 22:09:36.632  INFO 33242 --- [main] com.alibaba.nacos.common.remote.client   : [f9d7fcf8-cae9-4d31-94c6-ad4e4b8ab26c_config-0]Register server push request handler:com.alibaba.nacos.client.config.impl.ClientWorker$ConfigRpcTransportClient$$Lambda$442/0x0000000800468040
2022-01-09 22:09:36.633  INFO 33242 --- [main] com.alibaba.nacos.common.remote.client   : [f9d7fcf8-cae9-4d31-94c6-ad4e4b8ab26c_config-0]Registry connection listener to current client:com.alibaba.nacos.client.config.impl.ClientWorker$ConfigRpcTransportClient$1
2022-01-09 22:09:36.633  INFO 33242 --- [main] com.alibaba.nacos.common.remote.client   : [f9d7fcf8-cae9-4d31-94c6-ad4e4b8ab26c_config-0]RpcClient init, ServerListFactory =com.alibaba.nacos.client.config.impl.ClientWorker$ConfigRpcTransportClient$2
2022-01-09 22:09:36.638  INFO 33242 --- [main] com.alibaba.nacos.common.remote.client   : [f9d7fcf8-cae9-4d31-94c6-ad4e4b8ab26c_config-0] Try to connect to server on start up, server: {serverIp='60.205.181.203', server main port=8848}
2022-01-09 22:09:37.164  INFO 33242 --- [main] com.alibaba.nacos.common.remote.client   : [f9d7fcf8-cae9-4d31-94c6-ad4e4b8ab26c_config-0] Success to connect to server [60.205.181.203:8848] on start up,connectionId=1641737377069_182.148.86.139_31052
2022-01-09 22:09:37.165  INFO 33242 --- [com.alibaba.nacos.client.remote.worker] com.alibaba.nacos.common.remote.client   : [f9d7fcf8-cae9-4d31-94c6-ad4e4b8ab26c_config-0]Notify connected event to listeners.
2022-01-09 22:09:37.165  INFO 33242 --- [main] com.alibaba.nacos.common.remote.client   : [f9d7fcf8-cae9-4d31-94c6-ad4e4b8ab26c_config-0]Register server push request handler:com.alibaba.nacos.common.remote.client.RpcClient$ConnectResetRequestHandler
2022-01-09 22:09:37.166  INFO 33242 --- [com.alibaba.nacos.client.remote.worker] c.a.n.client.config.impl.ClientWorker    : [f9d7fcf8-cae9-4d31-94c6-ad4e4b8ab26c_config-0] Connected,notify listen context...
2022-01-09 22:09:37.166  INFO 33242 --- [main] com.alibaba.nacos.common.remote.client   : [f9d7fcf8-cae9-4d31-94c6-ad4e4b8ab26c_config-0]Register server push request handler:com.alibaba.nacos.common.remote.client.RpcClient$4
2022-01-09 22:09:37.201  INFO 33242 --- [main] c.a.nacos.client.config.impl.Limiter     : limitTime:5.0
2022-01-09 22:09:37.252  WARN 33242 --- [main] c.a.c.n.c.NacosPropertySourceBuilder     : Ignore the empty nacos configuration and get it based on dataId[eladmin] & group[DEFAULT_GROUP]
2022-01-09 22:09:37.302  INFO 33242 --- [main] c.a.nacos.client.config.utils.JvmUtil    : isMultiInstance:false
2022-01-09 22:09:37.360  INFO 33242 --- [main] b.c.PropertySourceBootstrapConfiguration : Located property source: [BootstrapPropertySource {name='bootstrapProperties-eladmin-local.yaml,DEFAULT_GROUP'}, BootstrapPropertySource {name='bootstrapProperties-eladmin.yaml,DEFAULT_GROUP'}, BootstrapPropertySource {name='bootstrapProperties-eladmin,DEFAULT_GROUP'}]
2022-01-09 22:09:37.370  INFO 33242 --- [main] com.google.uaa.UaaApplication            : The following profiles are active: local
2022-01-09 22:09:37.924  INFO 33242 --- [main] .s.d.r.c.RepositoryConfigurationDelegate : Multiple Spring Data modules found, entering strict repository configuration mode!
2022-01-09 22:09:37.925  INFO 33242 --- [main] .s.d.r.c.RepositoryConfigurationDelegate : Bootstrapping Spring Data Redis repositories in DEFAULT mode.
2022-01-09 22:09:37.934  INFO 33242 --- [main] .s.d.r.c.RepositoryConfigurationDelegate : Finished Spring Data repository scanning in 2 ms. Found 0 Redis repository interfaces.
2022-01-09 22:09:38.040  WARN 33242 --- [main] o.m.s.mapper.ClassPathMapperScanner      : No MyBatis mapper was found in '[com.google.uaa]' package. Please check your configuration.
2022-01-09 22:09:38.047  WARN 33242 --- [main] o.m.s.mapper.ClassPathMapperScanner      : No MyBatis mapper was found in '[com.google.**.mapper.**]' package. Please check your configuration.
2022-01-09 22:09:38.084  INFO 33242 --- [main] o.s.cloud.context.scope.GenericScope     : BeanFactory id=6a4ed87f-4cc4-3cc7-a991-0ca089866896
2022-01-09 22:09:38.318  WARN 33242 --- [main] io.undertow.websockets.jsr               : UT026010: Buffer pool was not set on WebSocketDeploymentInfo, the default pool will be used
2022-01-09 22:09:38.328  INFO 33242 --- [main] io.undertow.servlet                      : Initializing Spring embedded WebApplicationContext
2022-01-09 22:09:38.328  INFO 33242 --- [main] w.s.c.ServletWebServerApplicationContext : Root WebApplicationContext: initialization completed in 949 ms
2022-01-09 22:09:38.746  INFO 33242 --- [main] com.alibaba.nacos.client.naming          : initializer namespace from System Property : null
2022-01-09 22:09:38.746  INFO 33242 --- [main] com.alibaba.nacos.client.naming          : initializer namespace from System Environment :null
2022-01-09 22:09:38.746  INFO 33242 --- [main] com.alibaba.nacos.client.naming          : initializer namespace from System Property :null
2022-01-09 22:09:38.753  INFO 33242 --- [main] com.alibaba.nacos.common.remote.client   : [RpcClientFactory] create a new rpc client of a1e84cc1-5209-4883-84f1-440a30416d59
2022-01-09 22:09:38.754  INFO 33242 --- [main] com.alibaba.nacos.common.remote.client   : [a1e84cc1-5209-4883-84f1-440a30416d59]RpcClient init label, labels={module=naming, source=sdk}
2022-01-09 22:09:38.754  INFO 33242 --- [main] com.alibaba.nacos.common.remote.client   : [a1e84cc1-5209-4883-84f1-440a30416d59]RpcClient init, ServerListFactory =com.alibaba.nacos.client.naming.core.ServerListManager
2022-01-09 22:09:38.754  INFO 33242 --- [main] com.alibaba.nacos.common.remote.client   : [a1e84cc1-5209-4883-84f1-440a30416d59]Registry connection listener to current client:com.alibaba.nacos.client.naming.remote.gprc.redo.NamingGrpcRedoService
2022-01-09 22:09:38.754  INFO 33242 --- [main] com.alibaba.nacos.common.remote.client   : [a1e84cc1-5209-4883-84f1-440a30416d59]Register server push request handler:com.alibaba.nacos.client.naming.remote.gprc.NamingPushRequestHandler
2022-01-09 22:09:38.755  INFO 33242 --- [main] com.alibaba.nacos.common.remote.client   : [a1e84cc1-5209-4883-84f1-440a30416d59] Try to connect to server on start up, server: {serverIp='60.205.181.203', server main port=8848}
2022-01-09 22:09:39.002  INFO 33242 --- [main] com.alibaba.nacos.common.remote.client   : [a1e84cc1-5209-4883-84f1-440a30416d59] Success to connect to server [60.205.181.203:8848] on start up,connectionId=1641737378935_182.148.86.139_31054
2022-01-09 22:09:39.002  INFO 33242 --- [main] com.alibaba.nacos.common.remote.client   : [a1e84cc1-5209-4883-84f1-440a30416d59]Register server push request handler:com.alibaba.nacos.common.remote.client.RpcClient$ConnectResetRequestHandler
2022-01-09 22:09:39.002  INFO 33242 --- [main] com.alibaba.nacos.common.remote.client   : [a1e84cc1-5209-4883-84f1-440a30416d59]Register server push request handler:com.alibaba.nacos.common.remote.client.RpcClient$4
2022-01-09 22:09:39.002  INFO 33242 --- [com.alibaba.nacos.client.remote.worker] com.alibaba.nacos.common.remote.client   : [a1e84cc1-5209-4883-84f1-440a30416d59]Notify connected event to listeners.
2022-01-09 22:09:39.003  INFO 33242 --- [com.alibaba.nacos.client.remote.worker] com.alibaba.nacos.client.naming          : Grpc connection connect
2022-01-09 22:09:39.016  INFO 33242 --- [main] c.a.d.s.b.a.DruidDataSourceAutoConfigure : Init DruidDataSource
2022-01-09 22:09:44.649  INFO 33242 --- [main] com.alibaba.druid.pool.DruidDataSource   : {dataSource-1} inited
2022-01-09 22:09:44.786  INFO 33242 --- [main] o.s.b.a.e.web.EndpointLinksResolver      : Exposing 20 endpoint(s) beneath base path '/actuator'
2022-01-09 22:09:45.038  INFO 33242 --- [main] pertySourcedRequestMappingHandlerMapping : Mapped URL path [/v2/api-docs] onto method [springfox.documentation.swagger2.web.Swagger2ControllerWebMvc#getDocumentation(String, HttpServletRequest)]
2022-01-09 22:09:45.047  INFO 33242 --- [main] c.g.core.web.config.WebConfiguration     : 资源扫描类.[com.google.core.web.listener.RequestMappingScanListener@30b0d5a7]
2022-01-09 22:09:45.149  INFO 33242 --- [main] .s.s.UserDetailsServiceAutoConfiguration : 

Using generated security password: f919abe9-676b-4dc5-8f9c-96ac24aaf146

2022-01-09 22:09:45.207  INFO 33242 --- [main] o.s.s.web.DefaultSecurityFilterChain     : Will secure any request with [org.springframework.security.web.context.request.async.WebAsyncManagerIntegrationFilter@75e068dc, org.springframework.security.web.context.SecurityContextPersistenceFilter@6e43c01f, org.springframework.security.web.header.HeaderWriterFilter@470fc16c, org.springframework.web.filter.CorsFilter@437a4e61, org.springframework.security.web.csrf.CsrfFilter@6db64abf, org.springframework.security.web.authentication.logout.LogoutFilter@174e5929, org.springframework.security.web.authentication.UsernamePasswordAuthenticationFilter@458500d1, org.springframework.security.web.authentication.ui.DefaultLoginPageGeneratingFilter@12e8ea81, org.springframework.security.web.authentication.ui.DefaultLogoutPageGeneratingFilter@268eefe7, org.springframework.security.web.authentication.www.BasicAuthenticationFilter@6ea1fc9, org.springframework.security.web.savedrequest.RequestCacheAwareFilter@21f7c0be, org.springframework.security.web.servletapi.SecurityContextHolderAwareRequestFilter@48463900, org.springframework.security.web.authentication.AnonymousAuthenticationFilter@704ca8a8, org.springframework.security.web.session.SessionManagementFilter@56dae6, org.springframework.security.web.access.ExceptionTranslationFilter@5d00241b, org.springframework.security.web.access.intercept.FilterSecurityInterceptor@289d9f0d]
2022-01-09 22:09:45.323  WARN 33242 --- [main] iguration$LoadBalancerCaffeineWarnLogger : Spring Cloud LoadBalancer is currently working with the default cache. You can switch to using Caffeine cache, by adding it and org.springframework.cache.caffeine.CaffeineCacheManager to the classpath.
2022-01-09 22:09:45.440  INFO 33242 --- [main] io.undertow                              : starting server: Undertow - 2.2.12.Final
2022-01-09 22:09:45.444  INFO 33242 --- [main] org.xnio                                 : XNIO version 3.8.4.Final
2022-01-09 22:09:45.447  INFO 33242 --- [main] org.xnio.nio                             : XNIO NIO Implementation Version 3.8.4.Final
2022-01-09 22:09:45.462  INFO 33242 --- [main] org.jboss.threads                        : JBoss Threads version 3.1.0.Final
2022-01-09 22:09:45.482  INFO 33242 --- [main] o.s.b.w.e.undertow.UndertowWebServer     : Undertow started on port(s) 10086 (http)
2022-01-09 22:09:45.484  INFO 33242 --- [main] com.alibaba.nacos.client.naming          : [REGISTER-SERVICE] public registering service eladmin-uaa with instance Instance{instanceId='null', ip='10.1.1.169', port=10086, weight=1.0, healthy=true, enabled=true, ephemeral=true, clusterName='DEFAULT', serviceName='null', metadata={preserved.register.source=SPRING_CLOUD}}
2022-01-09 22:09:45.553  INFO 33242 --- [main] c.a.c.n.registry.NacosServiceRegistry    : nacos registry, DEFAULT_GROUP eladmin-uaa 10.1.1.169:10086 register finished
2022-01-09 22:09:45.555  INFO 33242 --- [main] d.s.w.p.DocumentationPluginsBootstrapper : Documentation plugins bootstrapped
2022-01-09 22:09:45.558  INFO 33242 --- [main] d.s.w.p.DocumentationPluginsBootstrapper : Found 1 custom documentation plugin(s)
2022-01-09 22:09:45.570  INFO 33242 --- [main] s.d.s.w.s.ApiListingReferenceScanner     : Scanning for api listing references
2022-01-09 22:09:45.585  INFO 33242 --- [main] com.google.uaa.UaaApplication            : Started UaaApplication in 9.74 seconds (JVM running for 10.202)
2022-01-09 22:09:45.588  INFO 33242 --- [main] c.a.n.client.config.impl.ClientWorker    : [config_rpc_client] [subscribe] eladmin+DEFAULT_GROUP
2022-01-09 22:09:45.592  INFO 33242 --- [main] c.a.nacos.client.config.impl.CacheData   : [config_rpc_client] [add-listener] ok, tenant=, dataId=eladmin, group=DEFAULT_GROUP, cnt=1
2022-01-09 22:09:45.593  INFO 33242 --- [main] c.a.n.client.config.impl.ClientWorker    : [config_rpc_client] [subscribe] eladmin.yaml+DEFAULT_GROUP
2022-01-09 22:09:45.593  INFO 33242 --- [main] c.a.nacos.client.config.impl.CacheData   : [config_rpc_client] [add-listener] ok, tenant=, dataId=eladmin.yaml, group=DEFAULT_GROUP, cnt=1
2022-01-09 22:09:45.593  INFO 33242 --- [main] c.a.n.client.config.impl.ClientWorker    : [config_rpc_client] [subscribe] eladmin-local.yaml+DEFAULT_GROUP
2022-01-09 22:09:45.593  INFO 33242 --- [main] c.a.nacos.client.config.impl.CacheData   : [config_rpc_client] [add-listener] ok, tenant=, dataId=eladmin-local.yaml, group=DEFAULT_GROUP, cnt=1
2022-01-09 22:09:45.788  INFO 33242 --- [RMI TCP Connection(3)-10.1.1.169] io.undertow.servlet                      : Initializing Spring DispatcherServlet 'dispatcherServlet'
2022-01-09 22:09:45.789  INFO 33242 --- [RMI TCP Connection(3)-10.1.1.169] o.s.web.servlet.DispatcherServlet        : Initializing Servlet 'dispatcherServlet'
2022-01-09 22:09:45.790  INFO 33242 --- [RMI TCP Connection(3)-10.1.1.169] o.s.web.servlet.DispatcherServlet        : Completed initialization in 1 ms
2022-01-09 22:09:46.075  INFO 33242 --- [main] c.g.c.w.l.RequestMappingScanListener     : 资源扫描结果:serviceId=[eladmin-uaa] size=[0] redis缓存key=[el-admin-api-resource]
2022-01-09 22:10:27.403  WARN 33242 --- [Thread-1] c.a.n.common.http.HttpClientBeanHolder   : [HttpClientBeanHolder] Start destroying common HttpClient
2022-01-09 22:10:27.403  WARN 33242 --- [Thread-5] c.a.nacos.common.notify.NotifyCenter     : [NotifyCenter] Start destroying Publisher
2022-01-09 22:10:27.404  WARN 33242 --- [Thread-5] c.a.nacos.common.notify.NotifyCenter     : [NotifyCenter] Destruction of the end
2022-01-09 22:10:27.405  WARN 33242 --- [Thread-1] c.a.n.common.http.HttpClientBeanHolder   : [HttpClientBeanHolder] Destruction of the end
2022-01-09 22:10:27.407  INFO 33242 --- [SpringApplicationShutdownHook] io.undertow                              : stopping server: Undertow - 2.2.12.Final
2022-01-09 22:10:27.414  INFO 33242 --- [SpringApplicationShutdownHook] io.undertow.servlet                      : Destroying Spring FrameworkServlet 'dispatcherServlet'
2022-01-09 22:10:27.418  INFO 33242 --- [SpringApplicationShutdownHook] c.a.c.n.registry.NacosServiceRegistry    : De-registering from Nacos Server now...
2022-01-09 22:10:27.419  WARN 33242 --- [SpringApplicationShutdownHook] .s.c.a.CommonAnnotationBeanPostProcessor : Destroy method on bean with name 'nacosAutoServiceRegistration' threw an exception: java.lang.IllegalStateException: UT015023: This Context has been already destroyed
2022-01-09 22:10:27.420  INFO 33242 --- [SpringApplicationShutdownHook] com.alibaba.nacos.client.naming          : com.alibaba.nacos.client.naming.cache.ServiceInfoHolder do shutdown begin
2022-01-09 22:10:27.420  INFO 33242 --- [SpringApplicationShutdownHook] com.alibaba.nacos.client.naming          : com.alibaba.nacos.client.naming.backups.FailoverReactor do shutdown begin
2022-01-09 22:10:27.420  INFO 33242 --- [SpringApplicationShutdownHook] com.alibaba.nacos.client.naming          : com.alibaba.nacos.client.naming.backups.FailoverReactor do shutdown stop
2022-01-09 22:10:27.420  INFO 33242 --- [SpringApplicationShutdownHook] com.alibaba.nacos.client.naming          : com.alibaba.nacos.client.naming.cache.ServiceInfoHolder do shutdown stop
2022-01-09 22:10:27.420  INFO 33242 --- [SpringApplicationShutdownHook] com.alibaba.nacos.client.naming          : com.alibaba.nacos.client.naming.remote.NamingClientProxyDelegate do shutdown begin
2022-01-09 22:10:27.420  INFO 33242 --- [SpringApplicationShutdownHook] com.alibaba.nacos.client.naming          : com.alibaba.nacos.client.naming.core.ServiceInfoUpdateService do shutdown begin
2022-01-09 22:10:27.420  INFO 33242 --- [SpringApplicationShutdownHook] com.alibaba.nacos.client.naming          : com.alibaba.nacos.client.naming.core.ServiceInfoUpdateService do shutdown stop
2022-01-09 22:10:27.420  INFO 33242 --- [SpringApplicationShutdownHook] com.alibaba.nacos.client.naming          : com.alibaba.nacos.client.naming.core.ServerListManager do shutdown begin
2022-01-09 22:10:27.421  WARN 33242 --- [SpringApplicationShutdownHook] com.alibaba.nacos.client.naming          : [NamingHttpClientManager] Start destroying NacosRestTemplate
2022-01-09 22:10:27.421  WARN 33242 --- [SpringApplicationShutdownHook] com.alibaba.nacos.client.naming          : [NamingHttpClientManager] Destruction of the end
2022-01-09 22:10:27.421  INFO 33242 --- [SpringApplicationShutdownHook] com.alibaba.nacos.client.naming          : com.alibaba.nacos.client.naming.core.ServerListManager do shutdown stop
2022-01-09 22:10:27.421  INFO 33242 --- [SpringApplicationShutdownHook] com.alibaba.nacos.client.naming          : com.alibaba.nacos.client.naming.remote.http.NamingHttpClientProxy do shutdown begin
2022-01-09 22:10:27.421  INFO 33242 --- [SpringApplicationShutdownHook] com.alibaba.nacos.client.naming          : com.alibaba.nacos.client.naming.beat.BeatReactor do shutdown begin
2022-01-09 22:10:27.421  INFO 33242 --- [SpringApplicationShutdownHook] com.alibaba.nacos.client.naming          : com.alibaba.nacos.client.naming.beat.BeatReactor do shutdown stop
2022-01-09 22:10:27.421  WARN 33242 --- [SpringApplicationShutdownHook] com.alibaba.nacos.client.naming          : [NamingHttpClientManager] Start destroying NacosRestTemplate
2022-01-09 22:10:27.421  WARN 33242 --- [SpringApplicationShutdownHook] com.alibaba.nacos.client.naming          : [NamingHttpClientManager] Destruction of the end
2022-01-09 22:10:27.421  INFO 33242 --- [SpringApplicationShutdownHook] c.a.n.client.identify.CredentialWatcher  : [null] CredentialWatcher is stopped
2022-01-09 22:10:27.421  INFO 33242 --- [SpringApplicationShutdownHook] c.a.n.client.identify.CredentialService  : [null] CredentialService is freed
2022-01-09 22:10:27.421  INFO 33242 --- [SpringApplicationShutdownHook] com.alibaba.nacos.client.naming          : com.alibaba.nacos.client.naming.remote.http.NamingHttpClientProxy do shutdown stop
2022-01-09 22:10:27.421  INFO 33242 --- [SpringApplicationShutdownHook] com.alibaba.nacos.common.remote.client   : Shutdown rpc client ,set status to shutdown
2022-01-09 22:10:27.421  INFO 33242 --- [SpringApplicationShutdownHook] com.alibaba.nacos.common.remote.client   : Shutdown  client event executor java.util.concurrent.ScheduledThreadPoolExecutor@58b31acd[Running, pool size = 2, active threads = 2, queued tasks = 0, completed tasks = 0]
2022-01-09 22:10:27.421  INFO 33242 --- [SpringApplicationShutdownHook] com.alibaba.nacos.common.remote.client   : Close current connection 1641737378935_182.148.86.139_31054
2022-01-09 22:10:27.425  INFO 33242 --- [SpringApplicationShutdownHook] c.a.n.c.remote.client.grpc.GrpcClient    : Shutdown grpc executor java.util.concurrent.ThreadPoolExecutor@7c0fe653[Running, pool size = 4, active threads = 0, queued tasks = 0, completed tasks = 23]
2022-01-09 22:10:27.425  INFO 33242 --- [SpringApplicationShutdownHook] com.alibaba.nacos.client.naming          : Shutdown grpc redo service executor java.util.concurrent.ScheduledThreadPoolExecutor@1fc4d9d8[Running, pool size = 1, active threads = 0, queued tasks = 1, completed tasks = 16]
2022-01-09 22:10:27.425  INFO 33242 --- [SpringApplicationShutdownHook] com.alibaba.nacos.client.naming          : com.alibaba.nacos.client.naming.remote.NamingClientProxyDelegate do shutdown stop
2022-01-09 22:10:27.426  INFO 33242 --- [SpringApplicationShutdownHook] com.alibaba.druid.pool.DruidDataSource   : {dataSource-1} closing ...
2022-01-09 22:10:27.434  INFO 33242 --- [SpringApplicationShutdownHook] com.alibaba.druid.pool.DruidDataSource   : {dataSource-1} closed
2022-01-09 22:10:30.674  INFO 33271 --- [main] c.a.n.c.c.impl.LocalConfigInfoProcessor  : LOCAL_SNAPSHOT_PATH:/Users/iris/nacos/config
2022-01-09 22:10:30.676  INFO 33271 --- [main] com.alibaba.nacos.common.remote.client   : [RpcClientFactory] create a new rpc client of 2e2a9ea0-4254-4c9c-a2cd-0ac9ba82c7d7_config-0
2022-01-09 22:10:30.703  INFO 33271 --- [main] org.reflections.Reflections              : Reflections took 15 ms to scan 1 urls, producing 3 keys and 6 values 
2022-01-09 22:10:30.722  INFO 33271 --- [main] org.reflections.Reflections              : Reflections took 10 ms to scan 1 urls, producing 4 keys and 9 values 
2022-01-09 22:10:30.729  INFO 33271 --- [main] org.reflections.Reflections              : Reflections took 5 ms to scan 1 urls, producing 3 keys and 10 values 
2022-01-09 22:10:30.732  WARN 33271 --- [main] org.reflections.Reflections              : given scan urls are empty. set urls in the configuration
2022-01-09 22:10:30.738  INFO 33271 --- [main] org.reflections.Reflections              : Reflections took 5 ms to scan 1 urls, producing 1 keys and 5 values 
2022-01-09 22:10:30.744  INFO 33271 --- [main] org.reflections.Reflections              : Reflections took 4 ms to scan 1 urls, producing 1 keys and 7 values 
2022-01-09 22:10:30.751  INFO 33271 --- [main] org.reflections.Reflections              : Reflections took 5 ms to scan 1 urls, producing 2 keys and 8 values 
2022-01-09 22:10:30.753  WARN 33271 --- [main] org.reflections.Reflections              : given scan urls are empty. set urls in the configuration
2022-01-09 22:10:30.753  INFO 33271 --- [main] com.alibaba.nacos.common.remote.client   : [2e2a9ea0-4254-4c9c-a2cd-0ac9ba82c7d7_config-0]RpcClient init label, labels={module=config, Vipserver-Tag=null, source=sdk, Amory-Tag=null, Location-Tag=null, taskId=0, AppName=unknown}
2022-01-09 22:10:30.754  INFO 33271 --- [main] com.alibaba.nacos.common.remote.client   : [2e2a9ea0-4254-4c9c-a2cd-0ac9ba82c7d7_config-0]Register server push request handler:com.alibaba.nacos.client.config.impl.ClientWorker$ConfigRpcTransportClient$$Lambda$441/0x0000000800434440
2022-01-09 22:10:30.754  INFO 33271 --- [main] com.alibaba.nacos.common.remote.client   : [2e2a9ea0-4254-4c9c-a2cd-0ac9ba82c7d7_config-0]Register server push request handler:com.alibaba.nacos.client.config.impl.ClientWorker$ConfigRpcTransportClient$$Lambda$442/0x0000000800470040
2022-01-09 22:10:30.754  INFO 33271 --- [main] com.alibaba.nacos.common.remote.client   : [2e2a9ea0-4254-4c9c-a2cd-0ac9ba82c7d7_config-0]Registry connection listener to current client:com.alibaba.nacos.client.config.impl.ClientWorker$ConfigRpcTransportClient$1
2022-01-09 22:10:30.754  INFO 33271 --- [main] com.alibaba.nacos.common.remote.client   : [2e2a9ea0-4254-4c9c-a2cd-0ac9ba82c7d7_config-0]RpcClient init, ServerListFactory =com.alibaba.nacos.client.config.impl.ClientWorker$ConfigRpcTransportClient$2
2022-01-09 22:10:30.760  INFO 33271 --- [main] com.alibaba.nacos.common.remote.client   : [2e2a9ea0-4254-4c9c-a2cd-0ac9ba82c7d7_config-0] Try to connect to server on start up, server: {serverIp='60.205.181.203', server main port=8848}
2022-01-09 22:10:31.274  INFO 33271 --- [main] com.alibaba.nacos.common.remote.client   : [2e2a9ea0-4254-4c9c-a2cd-0ac9ba82c7d7_config-0] Success to connect to server [60.205.181.203:8848] on start up,connectionId=1641737431176_182.148.86.139_31142
2022-01-09 22:10:31.275  INFO 33271 --- [com.alibaba.nacos.client.remote.worker] com.alibaba.nacos.common.remote.client   : [2e2a9ea0-4254-4c9c-a2cd-0ac9ba82c7d7_config-0]Notify connected event to listeners.
2022-01-09 22:10:31.275  INFO 33271 --- [main] com.alibaba.nacos.common.remote.client   : [2e2a9ea0-4254-4c9c-a2cd-0ac9ba82c7d7_config-0]Register server push request handler:com.alibaba.nacos.common.remote.client.RpcClient$ConnectResetRequestHandler
2022-01-09 22:10:31.275  INFO 33271 --- [com.alibaba.nacos.client.remote.worker] c.a.n.client.config.impl.ClientWorker    : [2e2a9ea0-4254-4c9c-a2cd-0ac9ba82c7d7_config-0] Connected,notify listen context...
2022-01-09 22:10:31.276  INFO 33271 --- [main] com.alibaba.nacos.common.remote.client   : [2e2a9ea0-4254-4c9c-a2cd-0ac9ba82c7d7_config-0]Register server push request handler:com.alibaba.nacos.common.remote.client.RpcClient$4
2022-01-09 22:10:31.299  INFO 33271 --- [main] c.a.nacos.client.config.impl.Limiter     : limitTime:5.0
2022-01-09 22:10:31.353  WARN 33271 --- [main] c.a.c.n.c.NacosPropertySourceBuilder     : Ignore the empty nacos configuration and get it based on dataId[eladmin] & group[DEFAULT_GROUP]
2022-01-09 22:10:31.399  INFO 33271 --- [main] c.a.nacos.client.config.utils.JvmUtil    : isMultiInstance:false
2022-01-09 22:10:31.454  INFO 33271 --- [main] b.c.PropertySourceBootstrapConfiguration : Located property source: [BootstrapPropertySource {name='bootstrapProperties-eladmin-local.yaml,DEFAULT_GROUP'}, BootstrapPropertySource {name='bootstrapProperties-eladmin.yaml,DEFAULT_GROUP'}, BootstrapPropertySource {name='bootstrapProperties-eladmin,DEFAULT_GROUP'}]
2022-01-09 22:10:31.463  INFO 33271 --- [main] com.google.uaa.UaaApplication            : The following profiles are active: local
2022-01-09 22:10:31.668  WARN 33271 --- [main] ConfigServletWebServerApplicationContext : Exception encountered during context initialization - cancelling refresh attempt: org.springframework.beans.factory.parsing.BeanDefinitionParsingException: Configuration problem: A circular @Import has been detected: Illegal attempt by @Configuration class 'ElAdminResourceServerConfig' to import class 'ElAdminResourceServerConfig' as 'ElAdminResourceServerConfig' is already present in the current import stack [ElAdminResourceServerConfig->ElAdminResourceServerConfig->UaaApplication]
Offending resource: class path resource [com/google/core/security/config/ElAdminResourceServerConfig.class]
2022-01-09 22:10:31.671  INFO 33271 --- [main] ConditionEvaluationReportLoggingListener : 

Error starting ApplicationContext. To display the conditions report re-run your application with 'debug' enabled.
2022-01-09 22:10:31.683 ERROR 33271 --- [main] o.s.boot.SpringApplication               : Application run failed

org.springframework.beans.factory.parsing.BeanDefinitionParsingException: Configuration problem: A circular @Import has been detected: Illegal attempt by @Configuration class 'ElAdminResourceServerConfig' to import class 'ElAdminResourceServerConfig' as 'ElAdminResourceServerConfig' is already present in the current import stack [ElAdminResourceServerConfig->ElAdminResourceServerConfig->UaaApplication]
Offending resource: class path resource [com/google/core/security/config/ElAdminResourceServerConfig.class]
	at org.springframework.beans.factory.parsing.FailFastProblemReporter.error(FailFastProblemReporter.java:72) ~[spring-beans-5.3.13.jar:5.3.13]
	at org.springframework.context.annotation.ConfigurationClassParser.processImports(ConfigurationClassParser.java:562) ~[spring-context-5.3.13.jar:5.3.13]
	at org.springframework.context.annotation.ConfigurationClassParser.doProcessConfigurationClass(ConfigurationClassParser.java:311) ~[spring-context-5.3.13.jar:5.3.13]
	at org.springframework.context.annotation.ConfigurationClassParser.processConfigurationClass(ConfigurationClassParser.java:250) ~[spring-context-5.3.13.jar:5.3.13]
	at org.springframework.context.annotation.ConfigurationClassParser.processImports(ConfigurationClassParser.java:600) ~[spring-context-5.3.13.jar:5.3.13]
	at org.springframework.context.annotation.ConfigurationClassParser.access$800(ConfigurationClassParser.java:111) ~[spring-context-5.3.13.jar:5.3.13]
	at org.springframework.context.annotation.ConfigurationClassParser$DeferredImportSelectorGroupingHandler.lambda$processGroupImports$1(ConfigurationClassParser.java:812) ~[spring-context-5.3.13.jar:5.3.13]
	at java.base/java.util.ArrayList.forEach(ArrayList.java:1541) ~[na:na]
	at org.springframework.context.annotation.ConfigurationClassParser$DeferredImportSelectorGroupingHandler.processGroupImports(ConfigurationClassParser.java:809) ~[spring-context-5.3.13.jar:5.3.13]
	at org.springframework.context.annotation.ConfigurationClassParser$DeferredImportSelectorHandler.handle(ConfigurationClassParser.java:765) ~[spring-context-5.3.13.jar:5.3.13]
	at org.springframework.context.annotation.ConfigurationClassParser.processImports(ConfigurationClassParser.java:578) ~[spring-context-5.3.13.jar:5.3.13]
	at org.springframework.context.annotation.ConfigurationClassParser.doProcessConfigurationClass(ConfigurationClassParser.java:311) ~[spring-context-5.3.13.jar:5.3.13]
	at org.springframework.context.annotation.ConfigurationClassParser.processConfigurationClass(ConfigurationClassParser.java:250) ~[spring-context-5.3.13.jar:5.3.13]
	at org.springframework.context.annotation.ConfigurationClassParser.processImports(ConfigurationClassParser.java:600) ~[spring-context-5.3.13.jar:5.3.13]
	at org.springframework.context.annotation.ConfigurationClassParser.access$800(ConfigurationClassParser.java:111) ~[spring-context-5.3.13.jar:5.3.13]
	at org.springframework.context.annotation.ConfigurationClassParser$DeferredImportSelectorGroupingHandler.lambda$processGroupImports$1(ConfigurationClassParser.java:812) ~[spring-context-5.3.13.jar:5.3.13]
	at java.base/java.util.ArrayList.forEach(ArrayList.java:1541) ~[na:na]
	at org.springframework.context.annotation.ConfigurationClassParser$DeferredImportSelectorGroupingHandler.processGroupImports(ConfigurationClassParser.java:809) ~[spring-context-5.3.13.jar:5.3.13]
	at org.springframework.context.annotation.ConfigurationClassParser$DeferredImportSelectorHandler.process(ConfigurationClassParser.java:780) ~[spring-context-5.3.13.jar:5.3.13]
	at org.springframework.context.annotation.ConfigurationClassParser.parse(ConfigurationClassParser.java:193) ~[spring-context-5.3.13.jar:5.3.13]
	at org.springframework.context.annotation.ConfigurationClassPostProcessor.processConfigBeanDefinitions(ConfigurationClassPostProcessor.java:331) ~[spring-context-5.3.13.jar:5.3.13]
	at org.springframework.context.annotation.ConfigurationClassPostProcessor.postProcessBeanDefinitionRegistry(ConfigurationClassPostProcessor.java:247) ~[spring-context-5.3.13.jar:5.3.13]
	at org.springframework.context.support.PostProcessorRegistrationDelegate.invokeBeanDefinitionRegistryPostProcessors(PostProcessorRegistrationDelegate.java:311) ~[spring-context-5.3.13.jar:5.3.13]
	at org.springframework.context.support.PostProcessorRegistrationDelegate.invokeBeanFactoryPostProcessors(PostProcessorRegistrationDelegate.java:112) ~[spring-context-5.3.13.jar:5.3.13]
	at org.springframework.context.support.AbstractApplicationContext.invokeBeanFactoryPostProcessors(AbstractApplicationContext.java:746) ~[spring-context-5.3.13.jar:5.3.13]
	at org.springframework.context.support.AbstractApplicationContext.refresh(AbstractApplicationContext.java:564) ~[spring-context-5.3.13.jar:5.3.13]
	at org.springframework.boot.web.servlet.context.ServletWebServerApplicationContext.refresh(ServletWebServerApplicationContext.java:145) ~[spring-boot-2.6.1.jar:2.6.1]
	at org.springframework.boot.SpringApplication.refresh(SpringApplication.java:730) ~[spring-boot-2.6.1.jar:2.6.1]
	at org.springframework.boot.SpringApplication.refreshContext(SpringApplication.java:412) ~[spring-boot-2.6.1.jar:2.6.1]
	at org.springframework.boot.SpringApplication.run(SpringApplication.java:302) ~[spring-boot-2.6.1.jar:2.6.1]
	at org.springframework.boot.SpringApplication.run(SpringApplication.java:1301) ~[spring-boot-2.6.1.jar:2.6.1]
	at org.springframework.boot.SpringApplication.run(SpringApplication.java:1290) ~[spring-boot-2.6.1.jar:2.6.1]
	at com.google.uaa.UaaApplication.main(UaaApplication.java:12) ~[classes/:na]

2022-01-09 22:10:31.684  WARN 33271 --- [Thread-1] c.a.n.common.http.HttpClientBeanHolder   : [HttpClientBeanHolder] Start destroying common HttpClient
2022-01-09 22:10:31.684  WARN 33271 --- [Thread-5] c.a.nacos.common.notify.NotifyCenter     : [NotifyCenter] Start destroying Publisher
2022-01-09 22:10:31.684  WARN 33271 --- [Thread-5] c.a.nacos.common.notify.NotifyCenter     : [NotifyCenter] Destruction of the end
2022-01-09 22:10:31.684  WARN 33271 --- [Thread-1] c.a.n.common.http.HttpClientBeanHolder   : [HttpClientBeanHolder] Destruction of the end
